2025-05-17 11:18:45,545 - INFO - Starting Pastebin Keyword Crawler...
2025-05-17 11:18:45,546 - INFO - Fetching paste IDs from https://pastebin.com/archive...
2025-05-17 11:18:46,699 - INFO - Found 30 paste IDs.
2025-05-17 11:18:46,700 - INFO - Processing 30 pastes asynchronously with a delay of 1 seconds...
2025-05-17 11:18:46,700 - INFO - Fetching content for paste ID pastebin from https://pastebin.com/raw/pastebin...
2025-05-17 11:18:47,593 - ERROR - Error fetching content for paste ID pastebin: 404, message='Not Found', url='https://pastebin.com/raw/pastebin'
2025-05-17 11:18:48,596 - INFO - Fetching content for paste ID facebook from https://pastebin.com/raw/facebook...
2025-05-17 11:18:49,117 - ERROR - Error fetching content for paste ID facebook: 404, message='Not Found', url='https://pastebin.com/raw/facebook'
2025-05-17 11:18:50,130 - INFO - Fetching content for paste ID c80611c4 from https://pastebin.com/raw/c80611c4...
2025-05-17 11:18:51,057 - ERROR - Error fetching content for paste ID c80611c4: 404, message='Not Found', url='https://pastebin.com/raw/c80611c4'
2025-05-17 11:18:52,068 - INFO - Fetching content for paste ID bootstra from https://pastebin.com/raw/bootstra...
2025-05-17 11:18:53,127 - ERROR - Error fetching content for paste ID bootstra: 404, message='Not Found', url='https://pastebin.com/raw/bootstra'
2025-05-17 11:18:54,134 - INFO - Fetching content for paste ID d65ff796 from https://pastebin.com/raw/d65ff796...
2025-05-17 11:18:55,059 - ERROR - Error fetching content for paste ID d65ff796: 404, message='Not Found', url='https://pastebin.com/raw/d65ff796'
2025-05-17 11:18:56,072 - INFO - Fetching content for paste ID yRektPVq from https://pastebin.com/raw/yRektPVq...
2025-05-17 11:18:56,899 - INFO - Successfully fetched content for paste ID yRektPVq.
2025-05-17 11:18:56,899 - INFO - No keywords found in paste ID yRektPVq.
2025-05-17 11:18:57,900 - INFO - Fetching content for paste ID NRZcUW9J from https://pastebin.com/raw/NRZcUW9J...
2025-05-17 11:18:58,541 - INFO - Successfully fetched content for paste ID NRZcUW9J.
2025-05-17 11:18:58,541 - INFO - Keywords ['t.me'] found in paste ID NRZcUW9J.
2025-05-17 11:18:58,541 - INFO - Fetching content for paste ID javascri from https://pastebin.com/raw/javascri...
2025-05-17 11:18:59,307 - ERROR - Error fetching content for paste ID javascri: 404, message='Not Found', url='https://pastebin.com/raw/javascri'
2025-05-17 11:19:00,320 - INFO - Fetching content for paste ID FCr45qim from https://pastebin.com/raw/FCr45qim...
2025-05-17 11:19:01,303 - INFO - Successfully fetched content for paste ID FCr45qim.
2025-05-17 11:19:01,304 - INFO - Keywords ['t.me'] found in paste ID FCr45qim.
2025-05-17 11:19:01,304 - INFO - Fetching content for paste ID EtQNd083 from https://pastebin.com/raw/EtQNd083...
2025-05-17 11:19:01,692 - INFO - Successfully fetched content for paste ID EtQNd083.
2025-05-17 11:19:01,692 - INFO - Keywords ['t.me'] found in paste ID EtQNd083.
2025-05-17 11:19:01,693 - INFO - Fetching content for paste ID KHYa7kxS from https://pastebin.com/raw/KHYa7kxS...
2025-05-17 11:19:02,220 - INFO - Successfully fetched content for paste ID KHYa7kxS.
2025-05-17 11:19:02,221 - INFO - Keywords ['t.me'] found in paste ID KHYa7kxS.
2025-05-17 11:19:02,221 - INFO - Fetching content for paste ID qCcivBMS from https://pastebin.com/raw/qCcivBMS...
2025-05-17 11:19:02,736 - INFO - Successfully fetched content for paste ID qCcivBMS.
2025-05-17 11:19:02,736 - INFO - Keywords ['t.me'] found in paste ID qCcivBMS.
2025-05-17 11:19:02,737 - INFO - Fetching content for paste ID gCEdVRn4 from https://pastebin.com/raw/gCEdVRn4...
2025-05-17 11:19:03,252 - INFO - Successfully fetched content for paste ID gCEdVRn4.
2025-05-17 11:19:03,252 - INFO - Keywords ['t.me'] found in paste ID gCEdVRn4.
2025-05-17 11:19:03,253 - INFO - Fetching content for paste ID wSDSHj2A from https://pastebin.com/raw/wSDSHj2A...
2025-05-17 11:19:03,854 - INFO - Successfully fetched content for paste ID wSDSHj2A.
2025-05-17 11:19:03,855 - INFO - No keywords found in paste ID wSDSHj2A.
2025-05-17 11:19:04,863 - INFO - Fetching content for paste ID YKaQ3aQp from https://pastebin.com/raw/YKaQ3aQp...
2025-05-17 11:19:05,814 - INFO - Successfully fetched content for paste ID YKaQ3aQp.
2025-05-17 11:19:05,815 - INFO - Keywords ['t.me'] found in paste ID YKaQ3aQp.
2025-05-17 11:19:05,815 - INFO - Fetching content for paste ID uWu22FLz from https://pastebin.com/raw/uWu22FLz...
2025-05-17 11:19:06,550 - INFO - Successfully fetched content for paste ID uWu22FLz.
2025-05-17 11:19:06,551 - INFO - Keywords ['t.me'] found in paste ID uWu22FLz.
2025-05-17 11:19:06,551 - INFO - Fetching content for paste ID hRCyU5bj from https://pastebin.com/raw/hRCyU5bj...
2025-05-17 11:19:07,539 - INFO - Successfully fetched content for paste ID hRCyU5bj.
2025-05-17 11:19:07,539 - INFO - Keywords ['t.me'] found in paste ID hRCyU5bj.
2025-05-17 11:19:07,540 - INFO - Fetching content for paste ID czTwjhwb from https://pastebin.com/raw/czTwjhwb...
2025-05-17 11:19:08,468 - INFO - Successfully fetched content for paste ID czTwjhwb.
2025-05-17 11:19:08,468 - INFO - Keywords ['t.me'] found in paste ID czTwjhwb.
2025-05-17 11:19:08,469 - INFO - Fetching content for paste ID zjqVGiHQ from https://pastebin.com/raw/zjqVGiHQ...
2025-05-17 11:19:09,334 - INFO - Successfully fetched content for paste ID zjqVGiHQ.
2025-05-17 11:19:09,335 - INFO - Keywords ['t.me'] found in paste ID zjqVGiHQ.
2025-05-17 11:19:09,335 - INFO - Fetching content for paste ID yaiqWnTu from https://pastebin.com/raw/yaiqWnTu...
2025-05-17 11:19:10,202 - INFO - Successfully fetched content for paste ID yaiqWnTu.
2025-05-17 11:19:10,203 - INFO - Keywords ['t.me'] found in paste ID yaiqWnTu.
2025-05-17 11:19:10,203 - INFO - Fetching content for paste ID FhneS3Sf from https://pastebin.com/raw/FhneS3Sf...
2025-05-17 11:19:10,974 - INFO - Successfully fetched content for paste ID FhneS3Sf.
2025-05-17 11:19:10,975 - INFO - Keywords ['t.me'] found in paste ID FhneS3Sf.
2025-05-17 11:19:10,976 - INFO - Fetching content for paste ID Ts3dMhbf from https://pastebin.com/raw/Ts3dMhbf...
2025-05-17 11:19:11,074 - INFO - Successfully fetched content for paste ID Ts3dMhbf.
2025-05-17 11:19:11,076 - INFO - Keywords ['t.me'] found in paste ID Ts3dMhbf.
2025-05-17 11:19:11,076 - INFO - Fetching content for paste ID NRTr2E0k from https://pastebin.com/raw/NRTr2E0k...
2025-05-17 11:19:12,047 - INFO - Successfully fetched content for paste ID NRTr2E0k.
2025-05-17 11:19:12,047 - INFO - No keywords found in paste ID NRTr2E0k.
2025-05-17 11:19:13,063 - INFO - Fetching content for paste ID nvYncKFB from https://pastebin.com/raw/nvYncKFB...
2025-05-17 11:19:13,888 - INFO - Successfully fetched content for paste ID nvYncKFB.
2025-05-17 11:19:13,889 - INFO - Keywords ['t.me'] found in paste ID nvYncKFB.
2025-05-17 11:19:13,889 - INFO - Fetching content for paste ID WNbSyfzZ from https://pastebin.com/raw/WNbSyfzZ...
2025-05-17 11:19:14,915 - INFO - Successfully fetched content for paste ID WNbSyfzZ.
2025-05-17 11:19:14,915 - INFO - Keywords ['t.me'] found in paste ID WNbSyfzZ.
2025-05-17 11:19:14,916 - INFO - Fetching content for paste ID Vn3hF10i from https://pastebin.com/raw/Vn3hF10i...
2025-05-17 11:19:15,809 - INFO - Successfully fetched content for paste ID Vn3hF10i.
2025-05-17 11:19:15,810 - INFO - Keywords ['t.me'] found in paste ID Vn3hF10i.
2025-05-17 11:19:15,811 - INFO - Fetching content for paste ID QukmVytX from https://pastebin.com/raw/QukmVytX...
2025-05-17 11:19:16,653 - INFO - Successfully fetched content for paste ID QukmVytX.
2025-05-17 11:19:16,653 - INFO - Keywords ['t.me'] found in paste ID QukmVytX.
2025-05-17 11:19:16,654 - INFO - Fetching content for paste ID jWPqbsX3 from https://pastebin.com/raw/jWPqbsX3...
2025-05-17 11:19:17,582 - INFO - Successfully fetched content for paste ID jWPqbsX3.
2025-05-17 11:19:17,582 - INFO - Keywords ['t.me'] found in paste ID jWPqbsX3.
2025-05-17 11:19:17,583 - INFO - Fetching content for paste ID efP4ZZTT from https://pastebin.com/raw/efP4ZZTT...
2025-05-17 11:19:18,406 - INFO - Successfully fetched content for paste ID efP4ZZTT.
2025-05-17 11:19:18,407 - INFO - Keywords ['t.me'] found in paste ID efP4ZZTT.
2025-05-17 11:19:18,407 - INFO - Fetching content for paste ID AuGdQwtV from https://pastebin.com/raw/AuGdQwtV...
2025-05-17 11:19:19,310 - INFO - Successfully fetched content for paste ID AuGdQwtV.
2025-05-17 11:19:19,310 - INFO - Keywords ['t.me'] found in paste ID AuGdQwtV.
2025-05-17 11:19:19,312 - INFO - Saving 21 matches to keyword_matches.jsonl...
2025-05-17 11:19:19,313 - INFO - Matches saved.
2025-05-17 11:19:19,314 - INFO - Pastebin Keyword Crawler finished.
